# JRE version: Java(TM) SE Runtime Environment (8.0_211-b12) (build 1.8.0_211-b12)
# Java VM: Java HotSpot(TM) 64-Bit Server VM (25.211-b12 mixed mode windows-amd64 compressed oops)
Heap:
 PSYoungGen      total 140800K, used 2818K [0x000000076b800000, 0x0000000774c00000, 0x00000007c0000000)
  eden space 130048K, 2% used [0x000000076b800000,0x000000076bac0940,0x0000000773700000)
  from space 10752K, 0% used [0x0000000774180000,0x0000000774180000,0x0000000774c00000)
  to   space 10752K, 0% used [0x0000000773700000,0x0000000773700000,0x0000000774180000)
 ParOldGen       total 173568K, used 43498K [0x00000006c2800000, 0x00000006cd180000, 0x000000076b800000)
  object space 173568K, 25% used [0x00000006c2800000,0x00000006c527ab10,0x00000006cd180000)
 Metaspace       used 11698K, capacity 11968K, committed 12160K, reserved 1060864K
  class space    used 1275K, capacity 1371K, committed 1408K, reserved 1048576K
GC Heap History (10 events):
Event: 926.610 GC heap before
{Heap before GC invocations=2 (full 0):
 PSYoungGen      total 75776K, used 75542K [0x000000076b800000, 0x0000000770c80000, 0x00000007c0000000)
  eden space 65024K, 99% used [0x000000076b800000,0x000000076f748e88,0x000000076f780000)
  from space 10752K, 99% used [0x000000076f780000,0x00000007701fca50,0x0000000770200000)
  to   space 10752K, 0% used [0x0000000770200000,0x0000000770200000,0x0000000770c80000)
 ParOldGen       total 173568K, used 7588K [0x00000006c2800000, 0x00000006cd180000, 0x000000076b800000)
  object space 173568K, 4% used [0x00000006c2800000,0x00000006c2f692d0,0x00000006cd180000)
 Metaspace       used 10916K, capacity 11112K, committed 11392K, reserved 1058816K
  class space    used 1200K, capacity 1291K, committed 1408K, reserved 1048576K
Event: 926.623 GC heap after
Heap after GC invocations=2 (full 0):
 PSYoungGen      total 75776K, used 10743K [0x000000076b800000, 0x0000000774c00000, 0x00000007c0000000)
  eden space 65024K, 0% used [0x000000076b800000,0x000000076b800000,0x000000076f780000)
  from space 10752K, 99% used [0x0000000770200000,0x0000000770c7de30,0x0000000770c80000)
  to   space 10752K, 0% used [0x000000076f780000,0x000000076f780000,0x0000000770200000)
 ParOldGen       total 173568K, used 18815K [0x00000006c2800000, 0x00000006cd180000, 0x000000076b800000)
  object space 173568K, 10% used [0x00000006c2800000,0x00000006c3a5ff88,0x00000006cd180000)
 Metaspace       used 10916K, capacity 11112K, committed 11392K, reserved 1058816K
  class space    used 1200K, capacity 1291K, committed 1408K, reserved 1048576K
}
Event: 927.011 GC heap before
{Heap before GC invocations=3 (full 0):
 PSYoungGen      total 75776K, used 53618K [0x000000076b800000, 0x0000000774c00000, 0x00000007c0000000)
  eden space 65024K, 65% used [0x000000076b800000,0x000000076e1deb40,0x000000076f780000)
  from space 10752K, 99% used [0x0000000770200000,0x0000000770c7de30,0x0000000770c80000)
  to   space 10752K, 0% used [0x000000076f780000,0x000000076f780000,0x0000000770200000)
 ParOldGen       total 173568K, used 18815K [0x00000006c2800000, 0x00000006cd180000, 0x000000076b800000)
  object space 173568K, 10% used [0x00000006c2800000,0x00000006c3a5ff88,0x00000006cd180000)
 Metaspace       used 10985K, capacity 11240K, committed 11648K, reserved 1058816K
  class space    used 1201K, capacity 1291K, committed 1408K, reserved 1048576K
Event: 927.020 GC heap after
Heap after GC invocations=3 (full 0):
 PSYoungGen      total 75776K, used 10733K [0x000000076b800000, 0x0000000774c00000, 0x00000007c0000000)
  eden space 65024K, 0% used [0x000000076b800000,0x000000076b800000,0x000000076f780000)
  from space 10752K, 99% used [0x000000076f780000,0x00000007701fb6c8,0x0000000770200000)
  to   space 10752K, 0% used [0x0000000774180000,0x0000000774180000,0x0000000774c00000)
 ParOldGen       total 173568K, used 33713K [0x00000006c2800000, 0x00000006cd180000, 0x000000076b800000)
  object space 173568K, 19% used [0x00000006c2800000,0x00000006c48ec438,0x00000006cd180000)
 Metaspace       used 10985K, capacity 11240K, committed 11648K, reserved 1058816K
  class space    used 1201K, capacity 1291K, committed 1408K, reserved 1048576K
}
Event: 927.020 GC heap before
{Heap before GC invocations=4 (full 1):
 PSYoungGen      total 75776K, used 10733K [0x000000076b800000, 0x0000000774c00000, 0x00000007c0000000)
  eden space 65024K, 0% used [0x000000076b800000,0x000000076b800000,0x000000076f780000)
  from space 10752K, 99% used [0x000000076f780000,0x00000007701fb6c8,0x0000000770200000)
  to   space 10752K, 0% used [0x0000000774180000,0x0000000774180000,0x0000000774c00000)
 ParOldGen       total 173568K, used 33713K [0x00000006c2800000, 0x00000006cd180000, 0x000000076b800000)
  object space 173568K, 19% used [0x00000006c2800000,0x00000006c48ec438,0x00000006cd180000)
 Metaspace       used 10985K, capacity 11240K, committed 11648K, reserved 1058816K
  class space    used 1201K, capacity 1291K, committed 1408K, reserved 1048576K
Event: 927.061 GC heap after
Heap after GC invocations=4 (full 1):
 PSYoungGen      total 75776K, used 0K [0x000000076b800000, 0x0000000774c00000, 0x00000007c0000000)
  eden space 65024K, 0% used [0x000000076b800000,0x000000076b800000,0x000000076f780000)
  from space 10752K, 0% used [0x000000076f780000,0x000000076f780000,0x0000000770200000)
  to   space 10752K, 0% used [0x0000000774180000,0x0000000774180000,0x0000000774c00000)
 ParOldGen       total 173568K, used 42346K [0x00000006c2800000, 0x00000006cd180000, 0x000000076b800000)
  object space 173568K, 24% used [0x00000006c2800000,0x00000006c515aad0,0x00000006cd180000)
 Metaspace       used 10985K, capacity 11240K, committed 11648K, reserved 1058816K
  class space    used 1201K, capacity 1291K, committed 1408K, reserved 1048576K
}
Event: 927.519 GC heap before
{Heap before GC invocations=5 (full 1):
 PSYoungGen      total 75776K, used 15556K [0x000000076b800000, 0x0000000774c00000, 0x00000007c0000000)
  eden space 65024K, 23% used [0x000000076b800000,0x000000076c731100,0x000000076f780000)
  from space 10752K, 0% used [0x000000076f780000,0x000000076f780000,0x0000000770200000)
  to   space 10752K, 0% used [0x0000000774180000,0x0000000774180000,0x0000000774c00000)
 ParOldGen       total 173568K, used 42346K [0x00000006c2800000, 0x00000006cd180000, 0x000000076b800000)
  object space 173568K, 24% used [0x00000006c2800000,0x00000006c515aad0,0x00000006cd180000)
 Metaspace       used 11692K, capacity 11968K, committed 12160K, reserved 1060864K
  class space    used 1275K, capacity 1371K, committed 1408K, reserved 1048576K
Event: 927.521 GC heap after
Heap after GC invocations=5 (full 1):
 PSYoungGen      total 140800K, used 1351K [0x000000076b800000, 0x0000000774c00000, 0x00000007c0000000)
  eden space 130048K, 0% used [0x000000076b800000,0x000000076b800000,0x0000000773700000)
  from space 10752K, 12% used [0x0000000774180000,0x00000007742d1d68,0x0000000774c00000)
  to   space 10752K, 0% used [0x0000000773700000,0x0000000773700000,0x0000000774180000)
 ParOldGen       total 173568K, used 42354K [0x00000006c2800000, 0x00000006cd180000, 0x000000076b800000)
  object space 173568K, 24% used [0x00000006c2800000,0x00000006c515cad0,0x00000006cd180000)
 Metaspace       used 11692K, capacity 11968K, committed 12160K, reserved 1060864K
  class space    used 1275K, capacity 1371K, committed 1408K, reserved 1048576K
}
Event: 927.521 GC heap before
{Heap before GC invocations=6 (full 2):
 PSYoungGen      total 140800K, used 1351K [0x000000076b800000, 0x0000000774c00000, 0x00000007c0000000)
  eden space 130048K, 0% used [0x000000076b800000,0x000000076b800000,0x0000000773700000)
  from space 10752K, 12% used [0x0000000774180000,0x00000007742d1d68,0x0000000774c00000)
  to   space 10752K, 0% used [0x0000000773700000,0x0000000773700000,0x0000000774180000)
 ParOldGen       total 173568K, used 42354K [0x00000006c2800000, 0x00000006cd180000, 0x000000076b800000)
  object space 173568K, 24% used [0x00000006c2800000,0x00000006c515cad0,0x00000006cd180000)
 Metaspace       used 11692K, capacity 11968K, committed 12160K, reserved 1060864K
  class space    used 1275K, capacity 1371K, committed 1408K, reserved 1048576K
Event: 927.565 GC heap after
Heap after GC invocations=6 (full 2):
 PSYoungGen      total 140800K, used 0K [0x000000076b800000, 0x0000000774c00000, 0x00000007c0000000)
  eden space 130048K, 0% used [0x000000076b800000,0x000000076b800000,0x0000000773700000)
  from space 10752K, 0% used [0x0000000774180000,0x0000000774180000,0x0000000774c00000)
  to   space 10752K, 0% used [0x0000000773700000,0x0000000773700000,0x0000000774180000)
 ParOldGen       total 173568K, used 43498K [0x00000006c2800000, 0x00000006cd180000, 0x000000076b800000)
  object space 173568K, 25% used [0x00000006c2800000,0x00000006c527ab10,0x00000006cd180000)
 Metaspace       used 11692K, capacity 11968K, committed 12160K, reserved 1060864K
  class space    used 1275K, capacity 1371K, committed 1408K, reserved 1048576K
}

